ProviderContacts/app/build/outputs/logs/manifest-merger-debug-report.txt
-- Merging decision tree log ---
manifest
ADDED from src\main\AndroidManifest.xml:2:1-16:12
	package
		ADDED from src\main\AndroidManifest.xml:5:2-38
		INJECTED from src\main\AndroidManifest.xml
		INJECTED from src\main\AndroidManifest.xml
	android:versionName
		ADDED from src\main\AndroidManifest.xml:4:2-27
		INJECTED from src\main\AndroidManifest.xml
		INJECTED from src\main\AndroidManifest.xml
	android:versionCode
		ADDED from src\main\AndroidManifest.xml:3:2-25
		INJECTED from src\main\AndroidManifest.xml
		INJECTED from src\main\AndroidManifest.xml
	xmlns:android
		ADDED from src\main\AndroidManifest.xml:2:11-69
application
ADDED from src\main\AndroidManifest.xml:6:2-13:16
	android:label
		ADDED from src\main\AndroidManifest.xml:6:45-77
	android:icon
		ADDED from src\main\AndroidManifest.xml:6:15-44
activity#com.jaen.provider.contacts.ContactsActivity
ADDED from src\main\AndroidManifest.xml:7:3-12:14
	android:label
		ADDED from src\main\AndroidManifest.xml:7:46-78
	android:name
		ADDED from src\main\AndroidManifest.xml:7:13-45
intent-filter#android.intent.action.MAIN+android.intent.category.LAUNCHER
ADDED from src\main\AndroidManifest.xml:8:4-11:20
action#android.intent.action.MAIN
ADDED from src\main\AndroidManifest.xml:9:5-57
	android:name
		ADDED from src\main\AndroidManifest.xml:9:13-54
category#android.intent.category.LAUNCHER
ADDED from src\main\AndroidManifest.xml:10:5-65
	android:name
		ADDED from src\main\AndroidManifest.xml:10:15-62
uses-sdk
ADDED from src\main\AndroidManifest.xml:14:2-41
	android:targetSdkVersion
		INJECTED from src\main\AndroidManifest.xml
		INJECTED from src\main\AndroidManifest.xml
	android:minSdkVersion
		ADDED from src\main\AndroidManifest.xml:14:12-38
		INJECTED from src\main\AndroidManifest.xml
		INJECTED from src\main\AndroidManifest.xml
uses-permission#android.permission.READ_CONTACTS
ADDED from src\main\AndroidManifest.xml:15:2-69
	android:name
		ADDED from src\main\AndroidManifest.xml:15:19-66